<?xml version="1.0" encoding="UTF-8" ?>
<testsuite tests="6" failures="0" name="com.bbva.cap2.dto.dto.test.DataInTest" time="0.008" errors="0" skipped="0">
  <properties>
[...]
</properties>
  <testcase classname="com.bbva.cap2.dto.dto.test.DataInTest" name="testHashCode" time="0.007"/>
  <testcase classname="com.bbva.cap2.dto.dto.test.DataInTest" name="testString" time="0"/>
  <testcase classname="com.bbva.cap2.dto.dto.test.DataInTest" name="testHashCodeNull" time="0"/>
  <testcase classname="com.bbva.cap2.dto.dto.test.DataInTest" name="testEquals" time="0"/>
  <testcase classname="com.bbva.cap2.dto.dto.test.DataInTest" name="testHashCodeFail" time="0.001"/>
  <testcase classname="com.bbva.cap2.dto.dto.test.DataInTest" name="testToStringFail" time="0"/>
</testsuite>